c:\users\vladimir\desktop\f\etf\rg\projekti\2_opengl\fotoalbum\fotoalbum\fotoalbum\release\vc120.pdb
c:\users\vladimir\desktop\f\etf\rg\projekti\2_opengl\fotoalbum\fotoalbum\fotoalbum\release\wipedown.obj
c:\users\vladimir\desktop\f\etf\rg\projekti\2_opengl\fotoalbum\fotoalbum\fotoalbum\release\texturetransition.obj
c:\users\vladimir\desktop\f\etf\rg\projekti\2_opengl\fotoalbum\fotoalbum\fotoalbum\release\texture.obj
c:\users\vladimir\desktop\f\etf\rg\projekti\2_opengl\fotoalbum\fotoalbum\fotoalbum\release\sudden.obj
c:\users\vladimir\desktop\f\etf\rg\projekti\2_opengl\fotoalbum\fotoalbum\fotoalbum\release\standing.obj
c:\users\vladimir\desktop\f\etf\rg\projekti\2_opengl\fotoalbum\fotoalbum\fotoalbum\release\newsspin.obj
c:\users\vladimir\desktop\f\etf\rg\projekti\2_opengl\fotoalbum\fotoalbum\fotoalbum\release\main.obj
c:\users\vladimir\desktop\f\etf\rg\projekti\2_opengl\fotoalbum\fotoalbum\fotoalbum\release\fade.obj
c:\users\vladimir\desktop\f\etf\rg\projekti\2_opengl\fotoalbum\fotoalbum\fotoalbum\release\control.obj
c:\users\vladimir\desktop\f\etf\rg\projekti\2_opengl\fotoalbum\fotoalbum\fotoalbum\release\textureshow.obj
c:\users\vladimir\desktop\f\etf\rg\projekti\2_opengl\fotoalbum\fotoalbum\fotoalbum\release\utility.obj
c:\users\vladimir\desktop\f\etf\rg\projekti\2_opengl\fotoalbum\fotoalbum\release\fotoalbum.exe
c:\users\vladimir\desktop\f\etf\rg\projekti\2_opengl\fotoalbum\fotoalbum\release\fotoalbum.pdb
c:\users\vladimir\desktop\f\etf\rg\projekti\2_opengl\fotoalbum\fotoalbum\fotoalbum\release\fotoalbum.tlog\cl.command.1.tlog
c:\users\vladimir\desktop\f\etf\rg\projekti\2_opengl\fotoalbum\fotoalbum\fotoalbum\release\fotoalbum.tlog\cl.read.1.tlog
c:\users\vladimir\desktop\f\etf\rg\projekti\2_opengl\fotoalbum\fotoalbum\fotoalbum\release\fotoalbum.tlog\cl.write.1.tlog
c:\users\vladimir\desktop\f\etf\rg\projekti\2_opengl\fotoalbum\fotoalbum\fotoalbum\release\fotoalbum.tlog\link.command.1.tlog
c:\users\vladimir\desktop\f\etf\rg\projekti\2_opengl\fotoalbum\fotoalbum\fotoalbum\release\fotoalbum.tlog\link.read.1.tlog
c:\users\vladimir\desktop\f\etf\rg\projekti\2_opengl\fotoalbum\fotoalbum\fotoalbum\release\fotoalbum.tlog\link.write.1.tlog
